<?xml version="1.0" encoding="UTF-8"?>
<!-- Generated by org.testng.reporters.JUnitXMLReporter -->
<testsuite hostname="Dell-Inspiron-5570" ignored="0" name="Register Test" tests="2" failures="0" timestamp="2019-12-17T18:52:02 CET" time="12.201" errors="0">
  <testcase name="registerExcelDriven" time="3.504" classname="com.demoaut.MercuryTours.RegisterPageTest"/>
  <testcase name="registerOne" time="3.381" classname="com.demoaut.MercuryTours.RegisterPageTest"/>
</testsuite> <!-- Register Test -->
