<?xml version="1.0" encoding="UTF-8"?>
<!-- Generated by org.testng.reporters.JUnitXMLReporter -->
<testsuite hostname="Dell-Inspiron-5570" ignored="0" name="Test" tests="1" failures="1" timestamp="2019-11-29T12:55:41 CET" time="6.933" errors="0">
  <testcase name="login" time="5.004" classname="com.demoaut.MercuryTours.LoginPageTest">
    <failure type="java.lang.NullPointerException">
      <![CDATA[java.lang.NullPointerException
at page.objects.LoginPage.getSignOn(LoginPage.java:27)
at page.objects.LoginPage.clickSignOn(LoginPage.java:31)
at com.demoaut.MercuryTours.LoginPageTest.login(LoginPageTest.java:22)
at java.util.ArrayList.forEach(Unknown Source)
... Removed 27 stack frames]]>
    </failure>
  </testcase> <!-- login -->
</testsuite> <!-- Test -->
