<?xml version="1.0" encoding="UTF-8"?>
<!-- Generated by org.testng.reporters.JUnitXMLReporter -->
<testsuite ignored="0" hostname="Dell-Inspiron-5570" failures="0" tests="2" name="Register Test" time="9.561" errors="0" timestamp="2019-11-29T21:03:54 CET">
  <testcase classname="com.demoaut.MercuryTours.RegisterPageTest" name="registerExcelDriven" time="3.204"/>
  <testcase classname="com.demoaut.MercuryTours.RegisterPageTest" name="registerOne" time="2.817"/>
</testsuite> <!-- Register Test -->
