<?xml version="1.0" encoding="UTF-8"?>
<testng-results ignored="0" total="4" passed="4" failed="0" skipped="0">
  <reporter-output>
  </reporter-output>
  <suite started-at="2019-11-29T21:03:44 CET" name="Suite" finished-at="2019-11-29T21:04:03 CET" duration-ms="18694">
    <groups>
    </groups>
    <test started-at="2019-11-29T21:03:44 CET" name="Register Test" finished-at="2019-11-29T21:03:54 CET" duration-ms="9561">
      <class name="com.demoaut.MercuryTours.RegisterPageTest">
        <test-method is-config="true" signature="initialize()[pri:0, instance:com.demoaut.MercuryTours.RegisterPageTest@f27ea3]" started-at="2019-11-29T21:03:44 CET" name="initialize" finished-at="2019-11-29T21:03:46 CET" duration-ms="1458" status="PASS">
          <reporter-output>
          </reporter-output>
        </test-method> <!-- initialize -->
        <test-method signature="registerExcelDriven()[pri:0, instance:com.demoaut.MercuryTours.RegisterPageTest@f27ea3]" started-at="2019-11-29T21:03:46 CET" name="registerExcelDriven" finished-at="2019-11-29T21:03:49 CET" duration-ms="3204" status="PASS">
          <reporter-output>
          </reporter-output>
        </test-method> <!-- registerExcelDriven -->
        <test-method is-config="true" signature="checkRegistration()[pri:0, instance:com.demoaut.MercuryTours.RegisterPageTest@f27ea3]" started-at="2019-11-29T21:03:49 CET" name="checkRegistration" finished-at="2019-11-29T21:03:49 CET" duration-ms="44" status="PASS">
          <reporter-output>
          </reporter-output>
        </test-method> <!-- checkRegistration -->
        <test-method is-config="true" signature="signOff()[pri:0, instance:com.demoaut.MercuryTours.RegisterPageTest@f27ea3]" started-at="2019-11-29T21:03:49 CET" name="signOff" finished-at="2019-11-29T21:03:50 CET" duration-ms="1062" status="PASS">
          <reporter-output>
          </reporter-output>
        </test-method> <!-- signOff -->
        <test-method signature="registerOne()[pri:0, instance:com.demoaut.MercuryTours.RegisterPageTest@f27ea3]" started-at="2019-11-29T21:03:50 CET" name="registerOne" finished-at="2019-11-29T21:03:53 CET" duration-ms="2817" status="PASS">
          <reporter-output>
          </reporter-output>
        </test-method> <!-- registerOne -->
        <test-method is-config="true" signature="checkRegistration()[pri:0, instance:com.demoaut.MercuryTours.RegisterPageTest@f27ea3]" started-at="2019-11-29T21:03:53 CET" name="checkRegistration" finished-at="2019-11-29T21:03:53 CET" duration-ms="40" status="PASS">
          <reporter-output>
          </reporter-output>
        </test-method> <!-- checkRegistration -->
        <test-method is-config="true" signature="signOff()[pri:0, instance:com.demoaut.MercuryTours.RegisterPageTest@f27ea3]" started-at="2019-11-29T21:03:53 CET" name="signOff" finished-at="2019-11-29T21:03:54 CET" duration-ms="860" status="PASS">
          <reporter-output>
          </reporter-output>
        </test-method> <!-- signOff -->
        <test-method is-config="true" signature="closeDriver()[pri:0, instance:com.demoaut.MercuryTours.RegisterPageTest@f27ea3]" started-at="2019-11-29T21:03:54 CET" name="closeDriver" finished-at="2019-11-29T21:03:54 CET" duration-ms="52" status="PASS">
          <reporter-output>
          </reporter-output>
        </test-method> <!-- closeDriver -->
      </class> <!-- com.demoaut.MercuryTours.RegisterPageTest -->
    </test> <!-- Register Test -->
    <test started-at="2019-11-29T21:03:54 CET" name="Login Test" finished-at="2019-11-29T21:04:03 CET" duration-ms="9081">
      <class name="com.demoaut.MercuryTours.LoginPageTest">
        <test-method is-config="true" signature="initialize()[pri:0, instance:com.demoaut.MercuryTours.LoginPageTest@1e5f4170]" started-at="2019-11-29T21:03:54 CET" name="initialize" finished-at="2019-11-29T21:03:55 CET" duration-ms="1464" status="PASS">
          <reporter-output>
          </reporter-output>
        </test-method> <!-- initialize -->
        <test-method signature="loginExcelDriven()[pri:0, instance:com.demoaut.MercuryTours.LoginPageTest@1e5f4170]" started-at="2019-11-29T21:03:55 CET" name="loginExcelDriven" finished-at="2019-11-29T21:03:58 CET" duration-ms="2947" status="PASS">
          <reporter-output>
          </reporter-output>
        </test-method> <!-- loginExcelDriven -->
        <test-method is-config="true" signature="checkLogin()[pri:0, instance:com.demoaut.MercuryTours.LoginPageTest@1e5f4170]" started-at="2019-11-29T21:03:58 CET" name="checkLogin" finished-at="2019-11-29T21:03:58 CET" duration-ms="36" status="PASS">
          <reporter-output>
          </reporter-output>
        </test-method> <!-- checkLogin -->
        <test-method is-config="true" signature="logOut()[pri:0, instance:com.demoaut.MercuryTours.LoginPageTest@1e5f4170]" started-at="2019-11-29T21:03:58 CET" name="logOut" finished-at="2019-11-29T21:03:59 CET" duration-ms="891" status="PASS">
          <reporter-output>
          </reporter-output>
        </test-method> <!-- logOut -->
        <test-method signature="loginOne()[pri:0, instance:com.demoaut.MercuryTours.LoginPageTest@1e5f4170]" started-at="2019-11-29T21:03:59 CET" name="loginOne" finished-at="2019-11-29T21:04:02 CET" duration-ms="2756" status="PASS">
          <reporter-output>
          </reporter-output>
        </test-method> <!-- loginOne -->
        <test-method is-config="true" signature="checkLogin()[pri:0, instance:com.demoaut.MercuryTours.LoginPageTest@1e5f4170]" started-at="2019-11-29T21:04:02 CET" name="checkLogin" finished-at="2019-11-29T21:04:02 CET" duration-ms="36" status="PASS">
          <reporter-output>
          </reporter-output>
        </test-method> <!-- checkLogin -->
        <test-method is-config="true" signature="logOut()[pri:0, instance:com.demoaut.MercuryTours.LoginPageTest@1e5f4170]" started-at="2019-11-29T21:04:02 CET" name="logOut" finished-at="2019-11-29T21:04:03 CET" duration-ms="875" status="PASS">
          <reporter-output>
          </reporter-output>
        </test-method> <!-- logOut -->
        <test-method is-config="true" signature="closeDriver()[pri:0, instance:com.demoaut.MercuryTours.LoginPageTest@1e5f4170]" started-at="2019-11-29T21:04:03 CET" name="closeDriver" finished-at="2019-11-29T21:04:03 CET" duration-ms="72" status="PASS">
          <reporter-output>
          </reporter-output>
        </test-method> <!-- closeDriver -->
      </class> <!-- com.demoaut.MercuryTours.LoginPageTest -->
    </test> <!-- Login Test -->
  </suite> <!-- Suite -->
</testng-results>
